<?xml version="1.0" encoding="UTF-8"?>

<metadata>
  <groupId>com.blazartech</groupId>
  <artifactId>my-pis</artifactId>
  <versioning>
    <latest>2.1.67-RELEASE</latest>
    <release>2.1.67-RELEASE</release>
    <versions>
      <version>2.0.2-RELEASE</version>
      <version>2.0.3-RELEASE</version>
      <version>2.0.4-RELEASE</version>
      <version>2.0.5-RELEASE</version>
      <version>2.0.6-RELEASE</version>
      <version>2.0.7-RELEASE</version>
      <version>2.0.8-RELEASE</version>
      <version>2.0.9-RELEASE</version>
      <version>2.0.10-RELEASE</version>
      <version>2.0.12-RELEASE</version>
      <version>2.0.13-RELEASE</version>
      <version>2.0.15-RELEASE</version>
      <version>2.0.16-RELEASE</version>
      <version>2.0.17-RELEASE</version>
      <version>2.0.18-RELEASE</version>
      <version>2.0.19-RELEASE</version>
      <version>2.0.21-RELEASE</version>
      <version>2.0.23-RELEASE</version>
      <version>2.0.24-RELEASE</version>
      <version>2.0.25-RELEASE</version>
      <version>2.0.26-RELEASE</version>
      <version>2.0.27-RELEASE</version>
      <version>2.0.28-RELEASE</version>
      <version>2.0.29-RELEASE</version>
      <version>2.0.30-RELEASE</version>
      <version>2.0.31-RELEASE</version>
      <version>2.0.32-RELEASE</version>
      <version>2.0.33-RELEASE</version>
      <version>2.0.34-RELEASE</version>
      <version>2.0.35-RELEASE</version>
      <version>2.0.36-RELEASE</version>
      <version>2.0.37-RELEASE</version>
      <version>2.0.38-RELEASE</version>
      <version>2.0.39-RELEASE</version>
      <version>2.0.40-RELEASE</version>
      <version>2.0.41-RELEASE</version>
      <version>2.0.42-RELEASE</version>
      <version>2.0.43-RELEASE</version>
      <version>2.0.44-RELEASE</version>
      <version>2.0.45-RELEASE</version>
      <version>2.0.46-RELEASE</version>
      <version>2.0.47-RELEASE</version>
      <version>2.0.48-RELEASE</version>
      <version>2.0.49-RELEASE</version>
      <version>2.0.50-RELEASE</version>
      <version>2.0.51-RELEASE</version>
      <version>2.0.52-RELEASE</version>
      <version>2.0.53-RELEASE</version>
      <version>2.1.0-RELEASE</version>
      <version>2.1.1-RELEASE</version>
      <version>2.1.2-RELEASE</version>
      <version>2.1.3-RELEASE</version>
      <version>2.1.4-RELEASE</version>
      <version>2.1.5-RELEASE</version>
      <version>2.1.6-RELEASE</version>
      <version>2.1.8-RELEASE</version>
      <version>2.1.9-RELEASE</version>
      <version>2.1.10-RELEASE</version>
      <version>2.1.11-RELEASE</version>
      <version>2.1.12-RELEASE</version>
      <version>2.1.13-RELEASE</version>
      <version>2.1.14-RELEASE</version>
      <version>2.1.15-RELEASE</version>
      <version>2.1.16-RELEASE</version>
      <version>2.1.17-RELEASE</version>
      <version>2.1.18-RELEASE</version>
      <version>2.1.19-RELEASE</version>
      <version>2.1.20-RELEASE</version>
      <version>2.1.21-RELEASE</version>
      <version>2.1.22-RELEASE</version>
      <version>2.1.23-RELEASE</version>
      <version>2.1.24-RELEASE</version>
      <version>2.1.25-RELEASE</version>
      <version>2.1.26-RELEASE</version>
      <version>2.1.27-RELEASE</version>
      <version>2.1.28-RELEASE</version>
      <version>2.1.29-RELEASE</version>
      <version>2.1.30-RELEASE</version>
      <version>2.1.31-RELEASE</version>
      <version>2.1.32-RELEASE</version>
      <version>2.1.33-RELEASE</version>
      <version>2.1.34-RELEASE</version>
      <version>2.1.35-RELEASE</version>
      <version>2.1.36-RELEASE</version>
      <version>2.1.37-RELEASE</version>
      <version>2.1.38-RELEASE</version>
      <version>2.1.39-RELEASE</version>
      <version>2.1.40-RELEASE</version>
      <version>2.1.41-RELEASE</version>
      <version>2.1.42-RELEASE</version>
      <version>2.1.43-RELEASE</version>
      <version>2.1.44-RELEASE</version>
      <version>2.1.45-RELEASE</version>
      <version>2.1.46-RELEASE</version>
      <version>2.1.47-RELEASE</version>
      <version>2.1.48-RELEASE</version>
      <version>2.1.49-RELEASE</version>
      <version>2.1.50-RELEASE</version>
      <version>2.1.51-RELEASE</version>
      <version>2.1.52-RELEASE</version>
      <version>2.1.53-RELEASE</version>
      <version>2.1.54-RELEASE</version>
      <version>2.1.55-RELEASE</version>
      <version>2.1.56-RELEASE</version>
      <version>2.1.57-RELEASE</version>
      <version>2.1.58-RELEASE</version>
      <version>2.1.59-RELEASE</version>
      <version>2.1.60-RELEASE</version>
      <version>2.1.61-RELEASE</version>
      <version>2.1.62-RELEASE</version>
      <version>2.1.63-RELEASE</version>
      <version>2.1.64-RELEASE</version>
      <version>2.1.65-RELEASE</version>
      <version>2.1.67-RELEASE</version>
    </versions>
    <lastUpdated>20230206173413</lastUpdated>
  </versioning>
</metadata>
